[18:49:05] [modloading-worker-0/INFO] ========================================
[18:49:05] [modloading-worker-0/INFO] Minecraft: 1.19.2
[18:49:05] [modloading-worker-0/INFO] Side: server
[18:49:05] [modloading-worker-0/INFO] Development: false
[18:49:05] [modloading-worker-0/INFO] Version: 9.1.682
[18:49:05] [modloading-worker-0/INFO] Loader:
[18:49:05] [modloading-worker-0/INFO] - Forge: 43.3.0
[18:49:05] [modloading-worker-0/INFO] Dependencies:
[18:49:05] [modloading-worker-0/INFO] - Cloth Config: 8.3.115
[18:49:05] [modloading-worker-0/INFO] - Architectury: 6.6.92
[18:49:05] [modloading-worker-0/INFO] Mixin: 0.8.5
[18:49:05] [modloading-worker-0/INFO] OS: Windows 10 10.0 (amd64)
[18:49:05] [modloading-worker-0/INFO] Java: 21.0.2 (Oracle Corporation)
[18:49:05] [modloading-worker-0/INFO] ========================================
[18:49:05] [modloading-worker-0/INFO] Mods:
[18:49:05] [modloading-worker-0/INFO] - additionalentityattributes: 1.0.1+1.19
[18:49:05] [modloading-worker-0/INFO] - apoli: 1.19.2-2.6.1.4
[18:49:05] [modloading-worker-0/INFO] - appleskin: 2.4.2+mc1.19
[18:49:05] [modloading-worker-0/INFO] - architectury: 6.6.92
[18:49:05] [modloading-worker-0/INFO] - biomesoplenty: 17.1.1.162
[18:49:05] [modloading-worker-0/INFO] - butchersdelight: 1.19.22.0.9
[18:49:05] [modloading-worker-0/INFO] - caelus: 1.19.2-3.0.0.6
[18:49:05] [modloading-worker-0/INFO] - calio: 1.19.2-1.7.0.2
[18:49:05] [modloading-worker-0/INFO] - carryon: 2.1.2.23
[18:49:05] [modloading-worker-0/INFO] - cloth_config: 8.3.115
[18:49:05] [modloading-worker-0/INFO] - collective: 7.40
[18:49:05] [modloading-worker-0/INFO] - coroutil: 1.19.2-1.3.6
[18:49:05] [modloading-worker-0/INFO] - creeperoverhaul: 2.0.9
[18:49:05] [modloading-worker-0/INFO] - crittersandcompanions: 1.19.2-2.1.2
[18:49:05] [modloading-worker-0/INFO] - croptopia: 2.2.2
[18:49:05] [modloading-worker-0/INFO] - croptopia_additions: 2.0.0
[18:49:05] [modloading-worker-0/INFO] - croptopiadelight: 1.0
[18:49:05] [modloading-worker-0/INFO] - curios: 1.19.2-5.1.6.1
[18:49:05] [modloading-worker-0/INFO] - elytraslot: 6.1.1+1.19.2
[18:49:05] [modloading-worker-0/INFO] - endermanoverhaul: 0.0.1
[18:49:05] [modloading-worker-0/INFO] - ends_delight: 1.19.2-1.2.1
[18:49:05] [modloading-worker-0/INFO] - farmersdelight: 1.19.2-1.2.4
[18:49:05] [modloading-worker-0/INFO] - forge: 43.3.0
[18:49:05] [modloading-worker-0/INFO] - geckolib3: 3.1.40
[18:49:05] [modloading-worker-0/INFO] - hamsters: 1.19.2
[18:49:05] [modloading-worker-0/INFO] - jade: 8.9.1
[18:49:05] [modloading-worker-0/INFO] - jei: 11.9999
[18:49:05] [modloading-worker-0/INFO] - minecraft: 1.19.2
[18:49:05] [modloading-worker-0/INFO] - mixinextras: 0.3.5
[18:49:05] [modloading-worker-0/INFO] - moonlight: 1.19.2-2.3.6
[18:49:05] [modloading-worker-0/INFO] - nethersdelight: 1.19-3.1
[18:49:05] [modloading-worker-0/INFO] - notenoughanimations: 1.7.1
[18:49:05] [modloading-worker-0/INFO] - oceansdelight: 1.0.2-1.19.2
[18:49:05] [modloading-worker-0/INFO] - oriacs: 1.1.0
[18:49:05] [modloading-worker-0/INFO] - origins: 1.19.2-1.7.1.4
[18:49:05] [modloading-worker-0/INFO] - origins_classes: 1.2.1
[18:49:05] [modloading-worker-0/INFO] - pehkui: 3.8.0+1.19.2-forge
[18:49:05] [modloading-worker-0/INFO] - polymorph: 0.46.5+1.19.2
[18:49:05] [modloading-worker-0/INFO] - rei_plugin_compatibilities: 9.0.90
[18:49:05] [modloading-worker-0/INFO] - resourcefulconfig: 1.0.20
[18:49:05] [modloading-worker-0/INFO] - resourcefullib: 1.1.24
[18:49:05] [modloading-worker-0/INFO] - right_click_get_crops: 1.4.0.11
[18:49:05] [modloading-worker-0/INFO] - roughlyenoughitems: 9.1.682
[18:49:05] [modloading-worker-0/INFO] - sophisticatedbackpacks: 1.19.2-3.20.2.1035
[18:49:05] [modloading-worker-0/INFO] - sophisticatedcore: 1.19.2-0.6.4.587
[18:49:05] [modloading-worker-0/INFO] - spectrelib: 0.12.6+1.19.2
[18:49:05] [modloading-worker-0/INFO] - strictly_origins: 22
[18:49:05] [modloading-worker-0/INFO] - supplementaries: 1.19.2-2.4.20
[18:49:05] [modloading-worker-0/INFO] - t_and_t: 1.10
[18:49:05] [modloading-worker-0/INFO] - terrablender: 2.0.1.136
[18:49:05] [modloading-worker-0/INFO] - watut: 1.19.2-1.0.14
[18:49:05] [modloading-worker-0/INFO] - whatdurability: 1.0
[18:49:05] [modloading-worker-0/INFO] - xaerominimap: 24.0.1
[18:49:05] [modloading-worker-0/INFO] - xaeroworldmap: 1.38.1
[18:49:05] [modloading-worker-0/INFO] ========================================
[18:49:06] [modloading-worker-0/INFO] [REI] Registered plugin provider DefaultPluginImpl [roughlyenoughitems] for REIServerPlugin
[18:49:06] [modloading-worker-0/INFO] [REI] Registered plugin provider DefaultPluginImpl [roughlyenoughitems] for REIPlugin
[18:49:06] [modloading-worker-0/INFO] [REI] Registered plugin provider DefaultRuntimePlugin [roughlyenoughitems] for REIServerPlugin
[18:49:06] [modloading-worker-0/INFO] [REI] Registered plugin provider DefaultRuntimePlugin [roughlyenoughitems] for REIPlugin
[18:49:12] [Worker-Main-4/DEBUG] [REI] Processed 0 tags in 3.600 μs for minecraft:worldgen/world_preset
[18:49:12] [Worker-Main-1/DEBUG] [REI] Processed 0 tags in 21.80 μs for minecraft:worldgen/flat_level_generator_preset[18:49:12] [Worker-Main-3/DEBUG] [REI] Processed 0 tags in 3.800 μs for minecraft:dimension_type

[18:49:12] [Worker-Main-6/DEBUG] [REI] Processed 5 tags in 1.021 ms for minecraft:fluid
[18:49:12] [Worker-Main-3/DEBUG] [REI] Processed 1 tags in 13.50 μs for minecraft:mob_effect
[18:49:12] [Worker-Main-1/DEBUG] [REI] Processed 1 tags in 8.700 μs for minecraft:potion
[18:49:12] [Worker-Main-1/DEBUG] [REI] Processed 1 tags in 36.20 μs for minecraft:painting_variant
[18:49:12] [Worker-Main-5/DEBUG] [REI] Processed 5 tags in 66.10 μs for minecraft:game_event
[18:49:12] [Worker-Main-1/DEBUG] [REI] Processed 3 tags in 42.90 μs for minecraft:point_of_interest_type
[18:49:12] [Worker-Main-2/DEBUG] [REI] Processed 0 tags in 12.20 μs for minecraft:worldgen/structure
[18:49:12] [Worker-Main-6/DEBUG] [REI] Processed 30 tags in 113.2 μs for minecraft:entity_type
[18:49:12] [Worker-Main-2/DEBUG] [REI] Processed 7 tags in 50.90 μs for minecraft:banner_pattern
[18:49:12] [Worker-Main-6/DEBUG] [REI] Processed 2 tags in 18.50 μs for minecraft:cat_variant
[18:49:12] [Worker-Main-1/DEBUG] [REI] Processed 3 tags in 14.70 μs for minecraft:instrument
[18:49:12] [Worker-Main-7/DEBUG] [REI] Processed 0 tags in 203.0 μs for minecraft:worldgen/biome
[18:49:12] [Worker-Main-3/DEBUG] [REI] Processed 1077 tags in 5.016 ms for minecraft:item
[18:49:12] [Worker-Main-4/DEBUG] [REI] Processed 345 tags in 1.429 ms for minecraft:block
[18:49:14] [main/DEBUG] [REI] ========================================
[18:49:14] [main/DEBUG] [REI] REIPlugin starting pre-reload for START.
[18:49:14] [main/DEBUG] [REI] Reloadables (7):
[18:49:14] [main/DEBUG] [REI]  - EntryTypeRegistryImpl
[18:49:14] [main/DEBUG] [REI]  - EntrySettingsAdapterRegistryImpl
[18:49:14] [main/DEBUG] [REI]  - RecipeManagerContextImpl
[18:49:14] [main/DEBUG] [REI]  - ItemComparatorRegistryImpl
[18:49:14] [main/DEBUG] [REI]  - FluidComparatorRegistryImpl
[18:49:14] [main/DEBUG] [REI]  - DisplaySerializerRegistryImpl
[18:49:14] [main/DEBUG] [REI]  - FluidSupportProviderImpl
[18:49:14] [main/DEBUG] [REI] Plugins (2):
[18:49:14] [main/DEBUG] [REI]  - (-100.00) DefaultPluginImpl of DefaultPluginImpl [roughlyenoughitems]
[18:49:14] [main/DEBUG] [REI]  - (0.00) DefaultRuntimePlugin of DefaultRuntimePlugin [roughlyenoughitems]
[18:49:14] [main/DEBUG] [REI] ========================================
[18:49:14] [main/TRACE] [REI] [REIPlugin START] Reloading Section: "pre-register/"
[18:49:14] [main/TRACE] [REI] [REIPlugin START] Reloading Section: "pre-register/DefaultPluginImpl of DefaultPluginImpl [roughlyenoughitems]/"
[18:49:14] [main/TRACE] [REI] [REIPlugin START] Reloading Section: "pre-register/DefaultPluginImpl of DefaultPluginImpl [roughlyenoughitems]/" done in 762.9 μs
[18:49:14] [main/TRACE] [REI] [REIPlugin START] Reloading Section: "pre-register/DefaultRuntimePlugin of DefaultRuntimePlugin [roughlyenoughitems]/"
[18:49:14] [main/TRACE] [REI] [REIPlugin START] Reloading Section: "pre-register/DefaultRuntimePlugin of DefaultRuntimePlugin [roughlyenoughitems]/" done in 10.80 μs
[18:49:14] [main/TRACE] [REI] [REIPlugin START] Reloading Section: "pre-register/" done in 10.07 ms
[18:49:14] [main/TRACE] [REI] [REIPlugin START] Reloading Section: "pre-stage/"
[18:49:14] [main/TRACE] [REI] [REIPlugin START] Reloading Section: "pre-stage/EntryTypeRegistryImpl/"
[18:49:14] [main/TRACE] [REI] [REIPlugin START] Reloading Section: "pre-stage/EntryTypeRegistryImpl/" done in 176.2 μs
[18:49:14] [main/TRACE] [REI] [REIPlugin START] Reloading Section: "pre-stage/EntrySettingsAdapterRegistryImpl/"
[18:49:14] [main/TRACE] [REI] [REIPlugin START] Reloading Section: "pre-stage/EntrySettingsAdapterRegistryImpl/" done in 5.600 μs
[18:49:14] [main/TRACE] [REI] [REIPlugin START] Reloading Section: "pre-stage/RecipeManagerContextImpl/"
[18:49:14] [main/TRACE] [REI] [REIPlugin START] Reloading Section: "pre-stage/RecipeManagerContextImpl/" done in 4.800 μs
[18:49:14] [main/TRACE] [REI] [REIPlugin START] Reloading Section: "pre-stage/ItemComparatorRegistryImpl/"
[18:49:14] [main/TRACE] [REI] [REIPlugin START] Reloading Section: "pre-stage/ItemComparatorRegistryImpl/" done in 4.900 μs
[18:49:14] [main/TRACE] [REI] [REIPlugin START] Reloading Section: "pre-stage/FluidComparatorRegistryImpl/"
[18:49:14] [main/TRACE] [REI] [REIPlugin START] Reloading Section: "pre-stage/FluidComparatorRegistryImpl/" done in 7.400 μs
[18:49:14] [main/TRACE] [REI] [REIPlugin START] Reloading Section: "pre-stage/DisplaySerializerRegistryImpl/"
[18:49:14] [main/TRACE] [REI] [REIPlugin START] Reloading Section: "pre-stage/DisplaySerializerRegistryImpl/" done in 5.100 μs
[18:49:14] [main/TRACE] [REI] [REIPlugin START] Reloading Section: "pre-stage/FluidSupportProviderImpl/"
[18:49:14] [main/TRACE] [REI] [REIPlugin START] Reloading Section: "pre-stage/FluidSupportProviderImpl/" done in 5.100 μs
[18:49:14] [main/TRACE] [REI] [REIPlugin START] Reloading Section: "pre-stage/" done in 1.065 ms
[18:49:14] [main/DEBUG] [REI] ========================================
[18:49:14] [main/DEBUG] [REI] REIPlugin finished pre-reload for START in 12.54 ms.
[18:49:14] [main/DEBUG] [REI] ========================================
[18:49:14] [main/DEBUG] [REI] ========================================
[18:49:14] [main/DEBUG] [REI] REIServerPlugin starting pre-reload for START.
[18:49:14] [main/DEBUG] [REI] Reloadables (2):
[18:49:14] [main/DEBUG] [REI]  - MenuInfoRegistryImpl
[18:49:14] [main/DEBUG] [REI]  - SlotAccessorRegistryImpl
[18:49:14] [main/DEBUG] [REI] Plugins (2):
[18:49:14] [main/DEBUG] [REI]  - (-100.00) DefaultPluginImpl of DefaultPluginImpl [roughlyenoughitems]
[18:49:14] [main/DEBUG] [REI]  - (0.00) DefaultRuntimePlugin of DefaultRuntimePlugin [roughlyenoughitems]
[18:49:14] [main/DEBUG] [REI] ========================================
[18:49:14] [main/TRACE] [REI] [REIServerPlugin START] Reloading Section: "pre-register/"
[18:49:14] [main/TRACE] [REI] [REIServerPlugin START] Reloading Section: "pre-register/DefaultPluginImpl of DefaultPluginImpl [roughlyenoughitems]/"
[18:49:14] [main/TRACE] [REI] [REIServerPlugin START] Reloading Section: "pre-register/DefaultPluginImpl of DefaultPluginImpl [roughlyenoughitems]/" done in 19.10 μs
[18:49:14] [main/TRACE] [REI] [REIServerPlugin START] Reloading Section: "pre-register/DefaultRuntimePlugin of DefaultRuntimePlugin [roughlyenoughitems]/"
[18:49:14] [main/TRACE] [REI] [REIServerPlugin START] Reloading Section: "pre-register/DefaultRuntimePlugin of DefaultRuntimePlugin [roughlyenoughitems]/" done in 7.800 μs
[18:49:14] [main/TRACE] [REI] [REIServerPlugin START] Reloading Section: "pre-register/" done in 247.7 μs
[18:49:14] [main/TRACE] [REI] [REIServerPlugin START] Reloading Section: "pre-stage/"
[18:49:14] [main/TRACE] [REI] [REIServerPlugin START] Reloading Section: "pre-stage/MenuInfoRegistryImpl/"
[18:49:14] [main/TRACE] [REI] [REIServerPlugin START] Reloading Section: "pre-stage/MenuInfoRegistryImpl/" done in 5.900 μs
[18:49:14] [main/TRACE] [REI] [REIServerPlugin START] Reloading Section: "pre-stage/SlotAccessorRegistryImpl/"
[18:49:14] [main/TRACE] [REI] [REIServerPlugin START] Reloading Section: "pre-stage/SlotAccessorRegistryImpl/" done in 4.700 μs
[18:49:14] [main/TRACE] [REI] [REIServerPlugin START] Reloading Section: "pre-stage/" done in 172.7 μs
[18:49:14] [main/DEBUG] [REI] ========================================
[18:49:14] [main/DEBUG] [REI] REIServerPlugin finished pre-reload for START in 595.6 μs.
[18:49:14] [main/DEBUG] [REI] ========================================
[18:49:14] [main/INFO] [REI] @@@@@@@@@@@@@@@@@@@@@@@@@@@@@@@@@@@@@@@@
[18:49:14] [main/INFO] [REI] REIPlugin starting main-reload for START.
[18:49:14] [main/DEBUG] [REI] Reloadables (7):
[18:49:14] [main/DEBUG] [REI]  - EntryTypeRegistryImpl
[18:49:14] [main/DEBUG] [REI]  - EntrySettingsAdapterRegistryImpl
[18:49:14] [main/DEBUG] [REI]  - RecipeManagerContextImpl
[18:49:14] [main/DEBUG] [REI]  - ItemComparatorRegistryImpl
[18:49:14] [main/DEBUG] [REI]  - FluidComparatorRegistryImpl
[18:49:14] [main/DEBUG] [REI]  - DisplaySerializerRegistryImpl
[18:49:14] [main/DEBUG] [REI]  - FluidSupportProviderImpl
[18:49:14] [main/INFO] [REI] Plugins (2):
[18:49:14] [main/INFO] [REI]  - (-100.00) DefaultPluginImpl of DefaultPluginImpl [roughlyenoughitems]
[18:49:14] [main/INFO] [REI]  - (0.00) DefaultRuntimePlugin of DefaultRuntimePlugin [roughlyenoughitems]
[18:49:14] [main/INFO] [REI] @@@@@@@@@@@@@@@@@@@@@@@@@@@@@@@@@@@@@@@@
[18:49:14] [main/TRACE] [REI] [REIPlugin START] Reloading Section: "start-reload/"
[18:49:14] [main/TRACE] [REI] [REIPlugin START] Reloading Section: "start-reload/EntryTypeRegistryImpl/"
[18:49:14] [main/TRACE] [REI] [REIPlugin START] Reloading Section: "start-reload/EntryTypeRegistryImpl/" done in 49.00 μs
[18:49:14] [main/TRACE] [REI] [REIPlugin START] Reloading Section: "start-reload/EntrySettingsAdapterRegistryImpl/"
[18:49:14] [main/TRACE] [REI] [REIPlugin START] Reloading Section: "start-reload/EntrySettingsAdapterRegistryImpl/" done in 10.80 μs
[18:49:14] [main/TRACE] [REI] [REIPlugin START] Reloading Section: "start-reload/RecipeManagerContextImpl/"
[18:49:14] [main/TRACE] [REI] [REIPlugin START] Reloading Section: "start-reload/RecipeManagerContextImpl/" done in 5.200 μs
[18:49:14] [main/TRACE] [REI] [REIPlugin START] Reloading Section: "start-reload/ItemComparatorRegistryImpl/"
[18:49:14] [main/TRACE] [REI] [REIPlugin START] Reloading Section: "start-reload/ItemComparatorRegistryImpl/" done in 18.40 μs
[18:49:14] [main/TRACE] [REI] [REIPlugin START] Reloading Section: "start-reload/FluidComparatorRegistryImpl/"
[18:49:14] [main/TRACE] [REI] [REIPlugin START] Reloading Section: "start-reload/FluidComparatorRegistryImpl/" done in 6.500 μs
[18:49:14] [main/TRACE] [REI] [REIPlugin START] Reloading Section: "start-reload/DisplaySerializerRegistryImpl/"
[18:49:14] [main/TRACE] [REI] [REIPlugin START] Reloading Section: "start-reload/DisplaySerializerRegistryImpl/" done in 5.000 μs
[18:49:14] [main/TRACE] [REI] [REIPlugin START] Reloading Section: "start-reload/FluidSupportProviderImpl/"
[18:49:14] [main/TRACE] [REI] [REIPlugin START] Reloading Section: "start-reload/FluidSupportProviderImpl/" done in 15.80 μs
[18:49:14] [main/TRACE] [REI] [REIPlugin START] Reloading Section: "start-reload/" done in 829.3 μs
[18:49:14] [main/DEBUG] [REI] ========================================
[18:49:14] [main/DEBUG] [REI] REIPlugin started main-reload for START.
[18:49:14] [main/DEBUG] [REI] ========================================
[18:49:14] [main/TRACE] [REI] [REIPlugin START] Reloading Section: "reloadable-plugin/EntryTypeRegistryImpl/"
[18:49:14] [main/TRACE] [REI] [REIPlugin START] Reloading Section: "reloadable-plugin/EntryTypeRegistryImpl/DefaultPluginImpl of DefaultPluginImpl [roughlyenoughitems]/"
[18:49:14] [main/TRACE] [REI] [REIPlugin START] Reloading Section: "reloadable-plugin/EntryTypeRegistryImpl/DefaultPluginImpl of DefaultPluginImpl [roughlyenoughitems]/" done in 162.9 μs
[18:49:14] [main/TRACE] [REI] [REIPlugin START] Reloading Section: "reloadable-plugin/EntryTypeRegistryImpl/DefaultRuntimePlugin of DefaultRuntimePlugin [roughlyenoughitems]/"
[18:49:14] [main/TRACE] [REI] [REIPlugin START] Reloading Section: "reloadable-plugin/EntryTypeRegistryImpl/DefaultRuntimePlugin of DefaultRuntimePlugin [roughlyenoughitems]/" done in 7.553 ms
[18:49:14] [main/TRACE] [REI] [REIPlugin START] Reloading Section: "reloadable-plugin/EntryTypeRegistryImpl/" done in 8.571 ms
[18:49:14] [main/TRACE] [REI] [REIPlugin START] Reloading Section: "reloadable-plugin/EntrySettingsAdapterRegistryImpl/"
[18:49:14] [main/TRACE] [REI] [REIPlugin START] Reloading Section: "reloadable-plugin/EntrySettingsAdapterRegistryImpl/DefaultPluginImpl of DefaultPluginImpl [roughlyenoughitems]/"
[18:49:14] [main/TRACE] [REI] [REIPlugin START] Reloading Section: "reloadable-plugin/EntrySettingsAdapterRegistryImpl/DefaultPluginImpl of DefaultPluginImpl [roughlyenoughitems]/" done in 15.10 μs
[18:49:14] [main/TRACE] [REI] [REIPlugin START] Reloading Section: "reloadable-plugin/EntrySettingsAdapterRegistryImpl/DefaultRuntimePlugin of DefaultRuntimePlugin [roughlyenoughitems]/"
[18:49:14] [main/TRACE] [REI] [REIPlugin START] Reloading Section: "reloadable-plugin/EntrySettingsAdapterRegistryImpl/DefaultRuntimePlugin of DefaultRuntimePlugin [roughlyenoughitems]/" done in 10.20 μs
[18:49:14] [main/TRACE] [REI] [REIPlugin START] Reloading Section: "reloadable-plugin/EntrySettingsAdapterRegistryImpl/" done in 271.2 μs
[18:49:14] [main/TRACE] [REI] [REIPlugin START] Reloading Section: "reloadable-plugin/RecipeManagerContextImpl/"
[18:49:14] [main/TRACE] [REI] [REIPlugin START] Reloading Section: "reloadable-plugin/RecipeManagerContextImpl/DefaultPluginImpl of DefaultPluginImpl [roughlyenoughitems]/"
[18:49:14] [main/TRACE] [REI] [REIPlugin START] Reloading Section: "reloadable-plugin/RecipeManagerContextImpl/DefaultPluginImpl of DefaultPluginImpl [roughlyenoughitems]/" done in 8.300 μs
[18:49:14] [main/TRACE] [REI] [REIPlugin START] Reloading Section: "reloadable-plugin/RecipeManagerContextImpl/DefaultRuntimePlugin of DefaultRuntimePlugin [roughlyenoughitems]/"
[18:49:14] [main/TRACE] [REI] [REIPlugin START] Reloading Section: "reloadable-plugin/RecipeManagerContextImpl/DefaultRuntimePlugin of DefaultRuntimePlugin [roughlyenoughitems]/" done in 11.10 μs
[18:49:14] [main/TRACE] [REI] [REIPlugin START] Reloading Section: "reloadable-plugin/RecipeManagerContextImpl/" done in 326.7 μs
[18:49:14] [main/TRACE] [REI] [REIPlugin START] Reloading Section: "reloadable-plugin/ItemComparatorRegistryImpl/"
[18:49:14] [main/TRACE] [REI] [REIPlugin START] Reloading Section: "reloadable-plugin/ItemComparatorRegistryImpl/DefaultPluginImpl of DefaultPluginImpl [roughlyenoughitems]/"
[18:49:14] [main/TRACE] [REI] [REIPlugin START] Reloading Section: "reloadable-plugin/ItemComparatorRegistryImpl/DefaultPluginImpl of DefaultPluginImpl [roughlyenoughitems]/" done in 706.4 μs
[18:49:14] [main/TRACE] [REI] [REIPlugin START] Reloading Section: "reloadable-plugin/ItemComparatorRegistryImpl/DefaultRuntimePlugin of DefaultRuntimePlugin [roughlyenoughitems]/"
[18:49:14] [main/TRACE] [REI] [REIPlugin START] Reloading Section: "reloadable-plugin/ItemComparatorRegistryImpl/DefaultRuntimePlugin of DefaultRuntimePlugin [roughlyenoughitems]/" done in 11.00 μs
[18:49:14] [main/TRACE] [REI] [REIPlugin START] Reloading Section: "reloadable-plugin/ItemComparatorRegistryImpl/" done in 915.9 μs
[18:49:14] [main/TRACE] [REI] [REIPlugin START] Reloading Section: "reloadable-plugin/FluidComparatorRegistryImpl/"
[18:49:14] [main/TRACE] [REI] [REIPlugin START] Reloading Section: "reloadable-plugin/FluidComparatorRegistryImpl/DefaultPluginImpl of DefaultPluginImpl [roughlyenoughitems]/"
[18:49:14] [main/TRACE] [REI] [REIPlugin START] Reloading Section: "reloadable-plugin/FluidComparatorRegistryImpl/DefaultPluginImpl of DefaultPluginImpl [roughlyenoughitems]/" done in 14.30 μs
[18:49:14] [main/TRACE] [REI] [REIPlugin START] Reloading Section: "reloadable-plugin/FluidComparatorRegistryImpl/DefaultRuntimePlugin of DefaultRuntimePlugin [roughlyenoughitems]/"
[18:49:14] [main/TRACE] [REI] [REIPlugin START] Reloading Section: "reloadable-plugin/FluidComparatorRegistryImpl/DefaultRuntimePlugin of DefaultRuntimePlugin [roughlyenoughitems]/" done in 8.500 μs
[18:49:14] [main/TRACE] [REI] [REIPlugin START] Reloading Section: "reloadable-plugin/FluidComparatorRegistryImpl/" done in 205.4 μs
[18:49:14] [main/TRACE] [REI] [REIPlugin START] Reloading Section: "reloadable-plugin/DisplaySerializerRegistryImpl/"
[18:49:14] [main/TRACE] [REI] [REIPlugin START] Reloading Section: "reloadable-plugin/DisplaySerializerRegistryImpl/DefaultPluginImpl of DefaultPluginImpl [roughlyenoughitems]/"
[18:49:14] [main/TRACE] [REI] [REIPlugin START] Reloading Section: "reloadable-plugin/DisplaySerializerRegistryImpl/DefaultPluginImpl of DefaultPluginImpl [roughlyenoughitems]/" done in 7.800 μs
[18:49:14] [main/TRACE] [REI] [REIPlugin START] Reloading Section: "reloadable-plugin/DisplaySerializerRegistryImpl/DefaultRuntimePlugin of DefaultRuntimePlugin [roughlyenoughitems]/"
[18:49:14] [main/TRACE] [REI] [REIPlugin START] Reloading Section: "reloadable-plugin/DisplaySerializerRegistryImpl/DefaultRuntimePlugin of DefaultRuntimePlugin [roughlyenoughitems]/" done in 8.100 μs
[18:49:14] [main/TRACE] [REI] [REIPlugin START] Reloading Section: "reloadable-plugin/DisplaySerializerRegistryImpl/" done in 172.3 μs
[18:49:14] [main/TRACE] [REI] [REIPlugin START] Reloading Section: "reloadable-plugin/FluidSupportProviderImpl/"
[18:49:14] [main/TRACE] [REI] [REIPlugin START] Reloading Section: "reloadable-plugin/FluidSupportProviderImpl/DefaultPluginImpl of DefaultPluginImpl [roughlyenoughitems]/"
[18:49:14] [main/TRACE] [REI] [REIPlugin START] Reloading Section: "reloadable-plugin/FluidSupportProviderImpl/DefaultPluginImpl of DefaultPluginImpl [roughlyenoughitems]/" done in 658.3 μs
[18:49:14] [main/TRACE] [REI] [REIPlugin START] Reloading Section: "reloadable-plugin/FluidSupportProviderImpl/DefaultRuntimePlugin of DefaultRuntimePlugin [roughlyenoughitems]/"
[18:49:14] [main/TRACE] [REI] [REIPlugin START] Reloading Section: "reloadable-plugin/FluidSupportProviderImpl/DefaultRuntimePlugin of DefaultRuntimePlugin [roughlyenoughitems]/" done in 12.60 μs
[18:49:14] [main/TRACE] [REI] [REIPlugin START] Reloading Section: "reloadable-plugin/FluidSupportProviderImpl/" done in 893.8 μs
[18:49:14] [main/DEBUG] [REI] ========================================
[18:49:14] [main/DEBUG] [REI] REIPlugin ending main-reload for START.
[18:49:14] [main/DEBUG] [REI] ========================================
[18:49:14] [main/TRACE] [REI] [REIPlugin START] Reloading Section: "end-reload/"
[18:49:14] [main/TRACE] [REI] [REIPlugin START] Reloading Section: "end-reload/EntryTypeRegistryImpl/"
[18:49:14] [main/TRACE] [REI] [REIPlugin START] Reloading Section: "end-reload/EntryTypeRegistryImpl/" done in 14.90 μs
[18:49:14] [main/TRACE] [REI] [REIPlugin START] Reloading Section: "end-reload/EntrySettingsAdapterRegistryImpl/"
[18:49:14] [main/TRACE] [REI] [REIPlugin START] Reloading Section: "end-reload/EntrySettingsAdapterRegistryImpl/" done in 5.200 μs
[18:49:14] [main/TRACE] [REI] [REIPlugin START] Reloading Section: "end-reload/RecipeManagerContextImpl/"
[18:49:14] [main/TRACE] [REI] [REIPlugin START] Reloading Section: "end-reload/RecipeManagerContextImpl/" done in 4.700 μs
[18:49:14] [main/TRACE] [REI] [REIPlugin START] Reloading Section: "end-reload/ItemComparatorRegistryImpl/"
[18:49:14] [main/TRACE] [REI] [REIPlugin START] Reloading Section: "end-reload/ItemComparatorRegistryImpl/" done in 5.200 μs
[18:49:14] [main/TRACE] [REI] [REIPlugin START] Reloading Section: "end-reload/FluidComparatorRegistryImpl/"
[18:49:14] [main/TRACE] [REI] [REIPlugin START] Reloading Section: "end-reload/FluidComparatorRegistryImpl/" done in 16.00 μs
[18:49:14] [main/TRACE] [REI] [REIPlugin START] Reloading Section: "end-reload/DisplaySerializerRegistryImpl/"
[18:49:14] [main/TRACE] [REI] [REIPlugin START] Reloading Section: "end-reload/DisplaySerializerRegistryImpl/" done in 4.700 μs
[18:49:14] [main/TRACE] [REI] [REIPlugin START] Reloading Section: "end-reload/FluidSupportProviderImpl/"
[18:49:14] [main/TRACE] [REI] [REIPlugin START] Reloading Section: "end-reload/FluidSupportProviderImpl/" done in 5.200 μs
[18:49:14] [main/TRACE] [REI] [REIPlugin START] Reloading Section: "end-reload/" done in 570.2 μs
[18:49:14] [main/DEBUG] [REI] ========================================
[18:49:14] [main/DEBUG] [REI] REIPlugin ended main-reload for START in 16.92 ms.
[18:49:14] [main/DEBUG] [REI] ========================================
[18:49:14] [main/INFO] [REI] %%%%%%%%%%%%%%%%%%%%%%%%%%%%%%%%%%%%%%%%
[18:49:14] [main/INFO] [REI] REIServerPlugin starting main-reload for START.
[18:49:14] [main/DEBUG] [REI] Reloadables (2):
[18:49:14] [main/DEBUG] [REI]  - MenuInfoRegistryImpl
[18:49:14] [main/DEBUG] [REI]  - SlotAccessorRegistryImpl
[18:49:14] [main/INFO] [REI] Plugins (2):
[18:49:14] [main/INFO] [REI]  - (-100.00) DefaultPluginImpl of DefaultPluginImpl [roughlyenoughitems]
[18:49:14] [main/INFO] [REI]  - (0.00) DefaultRuntimePlugin of DefaultRuntimePlugin [roughlyenoughitems]
[18:49:14] [main/INFO] [REI] %%%%%%%%%%%%%%%%%%%%%%%%%%%%%%%%%%%%%%%%
[18:49:14] [main/TRACE] [REI] [REIServerPlugin START] Reloading Section: "start-reload/"
[18:49:14] [main/TRACE] [REI] [REIServerPlugin START] Reloading Section: "start-reload/MenuInfoRegistryImpl/"
[18:49:14] [main/TRACE] [REI] [REIServerPlugin START] Reloading Section: "start-reload/MenuInfoRegistryImpl/" done in 10.30 μs
[18:49:14] [main/TRACE] [REI] [REIServerPlugin START] Reloading Section: "start-reload/SlotAccessorRegistryImpl/"
[18:49:14] [main/TRACE] [REI] [REIServerPlugin START] Reloading Section: "start-reload/SlotAccessorRegistryImpl/" done in 6.100 μs
[18:49:14] [main/TRACE] [REI] [REIServerPlugin START] Reloading Section: "start-reload/" done in 217.3 μs
[18:49:14] [main/DEBUG] [REI] ========================================
[18:49:14] [main/DEBUG] [REI] REIServerPlugin started main-reload for START.
[18:49:14] [main/DEBUG] [REI] ========================================
[18:49:14] [main/TRACE] [REI] [REIServerPlugin START] Reloading Section: "reloadable-plugin/MenuInfoRegistryImpl/"
[18:49:14] [main/TRACE] [REI] [REIServerPlugin START] Reloading Section: "reloadable-plugin/MenuInfoRegistryImpl/DefaultPluginImpl of DefaultPluginImpl [roughlyenoughitems]/"
[18:49:14] [main/TRACE] [REI] [REIServerPlugin START] Reloading Section: "reloadable-plugin/MenuInfoRegistryImpl/DefaultPluginImpl of DefaultPluginImpl [roughlyenoughitems]/" done in 11.50 μs
[18:49:14] [main/TRACE] [REI] [REIServerPlugin START] Reloading Section: "reloadable-plugin/MenuInfoRegistryImpl/DefaultRuntimePlugin of DefaultRuntimePlugin [roughlyenoughitems]/"
[18:49:14] [main/TRACE] [REI] [REIServerPlugin START] Reloading Section: "reloadable-plugin/MenuInfoRegistryImpl/DefaultRuntimePlugin of DefaultRuntimePlugin [roughlyenoughitems]/" done in 7.700 μs
[18:49:14] [main/TRACE] [REI] [REIServerPlugin START] Reloading Section: "reloadable-plugin/MenuInfoRegistryImpl/" done in 185.8 μs
[18:49:14] [main/TRACE] [REI] [REIServerPlugin START] Reloading Section: "reloadable-plugin/SlotAccessorRegistryImpl/"
[18:49:14] [main/TRACE] [REI] [REIServerPlugin START] Reloading Section: "reloadable-plugin/SlotAccessorRegistryImpl/DefaultPluginImpl of DefaultPluginImpl [roughlyenoughitems]/"
[18:49:14] [main/TRACE] [REI] [REIServerPlugin START] Reloading Section: "reloadable-plugin/SlotAccessorRegistryImpl/DefaultPluginImpl of DefaultPluginImpl [roughlyenoughitems]/" done in 6.700 μs
[18:49:14] [main/TRACE] [REI] [REIServerPlugin START] Reloading Section: "reloadable-plugin/SlotAccessorRegistryImpl/DefaultRuntimePlugin of DefaultRuntimePlugin [roughlyenoughitems]/"
[18:49:14] [main/TRACE] [REI] [REIServerPlugin START] Reloading Section: "reloadable-plugin/SlotAccessorRegistryImpl/DefaultRuntimePlugin of DefaultRuntimePlugin [roughlyenoughitems]/" done in 6.800 μs
[18:49:14] [main/TRACE] [REI] [REIServerPlugin START] Reloading Section: "reloadable-plugin/SlotAccessorRegistryImpl/" done in 167.0 μs
[18:49:14] [main/DEBUG] [REI] ========================================
[18:49:14] [main/DEBUG] [REI] REIServerPlugin ending main-reload for START.
[18:49:14] [main/DEBUG] [REI] ========================================
[18:49:14] [main/TRACE] [REI] [REIServerPlugin START] Reloading Section: "end-reload/"
[18:49:14] [main/TRACE] [REI] [REIServerPlugin START] Reloading Section: "end-reload/MenuInfoRegistryImpl/"
[18:49:14] [main/TRACE] [REI] [REIServerPlugin START] Reloading Section: "end-reload/MenuInfoRegistryImpl/" done in 7.100 μs
[18:49:14] [main/TRACE] [REI] [REIServerPlugin START] Reloading Section: "end-reload/SlotAccessorRegistryImpl/"
[18:49:14] [main/TRACE] [REI] [REIServerPlugin START] Reloading Section: "end-reload/SlotAccessorRegistryImpl/" done in 7.900 μs
[18:49:14] [main/TRACE] [REI] [REIServerPlugin START] Reloading Section: "end-reload/" done in 255.6 μs
[18:49:14] [main/DEBUG] [REI] ========================================
[18:49:14] [main/DEBUG] [REI] REIServerPlugin ended main-reload for START in 3.098 ms.
[18:49:14] [main/DEBUG] [REI] ========================================
[18:49:14] [main/DEBUG] [REI] ========================================
[18:49:14] [main/DEBUG] [REI] REIPlugin starting post-reload for START.
[18:49:14] [main/DEBUG] [REI] Reloadables (7):
[18:49:14] [main/DEBUG] [REI]  - EntryTypeRegistryImpl
[18:49:14] [main/DEBUG] [REI]  - EntrySettingsAdapterRegistryImpl
[18:49:14] [main/DEBUG] [REI]  - RecipeManagerContextImpl
[18:49:14] [main/DEBUG] [REI]  - ItemComparatorRegistryImpl
[18:49:14] [main/DEBUG] [REI]  - FluidComparatorRegistryImpl
[18:49:14] [main/DEBUG] [REI]  - DisplaySerializerRegistryImpl
[18:49:14] [main/DEBUG] [REI]  - FluidSupportProviderImpl
[18:49:14] [main/DEBUG] [REI] Plugins (2):
[18:49:14] [main/DEBUG] [REI]  - (-100.00) DefaultPluginImpl of DefaultPluginImpl [roughlyenoughitems]
[18:49:14] [main/DEBUG] [REI]  - (0.00) DefaultRuntimePlugin of DefaultRuntimePlugin [roughlyenoughitems]
[18:49:14] [main/DEBUG] [REI] ========================================
[18:49:14] [main/TRACE] [REI] [REIPlugin START] Reloading Section: "post-register/"
[18:49:14] [main/TRACE] [REI] [REIPlugin START] Reloading Section: "post-register/DefaultPluginImpl of DefaultPluginImpl [roughlyenoughitems]/"
[18:49:14] [main/TRACE] [REI] [REIPlugin START] Reloading Section: "post-register/DefaultPluginImpl of DefaultPluginImpl [roughlyenoughitems]/" done in 178.5 μs
[18:49:14] [main/TRACE] [REI] [REIPlugin START] Reloading Section: "post-register/DefaultRuntimePlugin of DefaultRuntimePlugin [roughlyenoughitems]/"
[18:49:14] [main/TRACE] [REI] [REIPlugin START] Reloading Section: "post-register/DefaultRuntimePlugin of DefaultRuntimePlugin [roughlyenoughitems]/" done in 8.500 μs
[18:49:14] [main/TRACE] [REI] [REIPlugin START] Reloading Section: "post-register/" done in 911.8 μs
[18:49:14] [main/TRACE] [REI] [REIPlugin START] Reloading Section: "post-stage/"
[18:49:14] [main/TRACE] [REI] [REIPlugin START] Reloading Section: "post-stage/EntryTypeRegistryImpl/"
[18:49:14] [main/TRACE] [REI] [REIPlugin START] Reloading Section: "post-stage/EntryTypeRegistryImpl/" done in 11.20 μs
[18:49:14] [main/TRACE] [REI] [REIPlugin START] Reloading Section: "post-stage/EntrySettingsAdapterRegistryImpl/"
[18:49:14] [main/TRACE] [REI] [REIPlugin START] Reloading Section: "post-stage/EntrySettingsAdapterRegistryImpl/" done in 4.200 μs
[18:49:14] [main/TRACE] [REI] [REIPlugin START] Reloading Section: "post-stage/RecipeManagerContextImpl/"
[18:49:14] [main/TRACE] [REI] [REIPlugin START] Reloading Section: "post-stage/RecipeManagerContextImpl/" done in 3.900 μs
[18:49:14] [main/TRACE] [REI] [REIPlugin START] Reloading Section: "post-stage/ItemComparatorRegistryImpl/"
[18:49:14] [main/TRACE] [REI] [REIPlugin START] Reloading Section: "post-stage/ItemComparatorRegistryImpl/" done in 5.600 μs
[18:49:14] [main/TRACE] [REI] [REIPlugin START] Reloading Section: "post-stage/FluidComparatorRegistryImpl/"
[18:49:14] [main/TRACE] [REI] [REIPlugin START] Reloading Section: "post-stage/FluidComparatorRegistryImpl/" done in 6.500 μs
[18:49:14] [main/TRACE] [REI] [REIPlugin START] Reloading Section: "post-stage/DisplaySerializerRegistryImpl/"
[18:49:14] [main/TRACE] [REI] [REIPlugin START] Reloading Section: "post-stage/DisplaySerializerRegistryImpl/" done in 4.600 μs
[18:49:14] [main/TRACE] [REI] [REIPlugin START] Reloading Section: "post-stage/FluidSupportProviderImpl/"
[18:49:14] [main/TRACE] [REI] [REIPlugin START] Reloading Section: "post-stage/FluidSupportProviderImpl/" done in 4.900 μs
[18:49:14] [main/TRACE] [REI] [REIPlugin START] Reloading Section: "post-stage/" done in 929.9 μs
[18:49:14] [main/DEBUG] [REI] ========================================
[18:49:14] [main/INFO] [REI] REIPlugin finished post-reload for START in 2.266 ms, totaling 31.64 ms.
[18:49:14] [main/DEBUG] [REI] ========================================
[18:49:14] [main/DEBUG] [REI] ========================================
[18:49:14] [main/DEBUG] [REI] REIServerPlugin starting post-reload for START.
[18:49:14] [main/DEBUG] [REI] Reloadables (2):
[18:49:14] [main/DEBUG] [REI]  - MenuInfoRegistryImpl
[18:49:14] [main/DEBUG] [REI]  - SlotAccessorRegistryImpl
[18:49:14] [main/DEBUG] [REI] Plugins (2):
[18:49:14] [main/DEBUG] [REI]  - (-100.00) DefaultPluginImpl of DefaultPluginImpl [roughlyenoughitems]
[18:49:14] [main/DEBUG] [REI]  - (0.00) DefaultRuntimePlugin of DefaultRuntimePlugin [roughlyenoughitems]
[18:49:14] [main/DEBUG] [REI] ========================================
[18:49:14] [main/TRACE] [REI] [REIServerPlugin START] Reloading Section: "post-register/"
[18:49:14] [main/TRACE] [REI] [REIServerPlugin START] Reloading Section: "post-register/DefaultPluginImpl of DefaultPluginImpl [roughlyenoughitems]/"
[18:49:14] [main/TRACE] [REI] [REIServerPlugin START] Reloading Section: "post-register/DefaultPluginImpl of DefaultPluginImpl [roughlyenoughitems]/" done in 24.40 μs
[18:49:14] [main/TRACE] [REI] [REIServerPlugin START] Reloading Section: "post-register/DefaultRuntimePlugin of DefaultRuntimePlugin [roughlyenoughitems]/"
[18:49:14] [main/TRACE] [REI] [REIServerPlugin START] Reloading Section: "post-register/DefaultRuntimePlugin of DefaultRuntimePlugin [roughlyenoughitems]/" done in 16.70 μs
[18:49:14] [main/TRACE] [REI] [REIServerPlugin START] Reloading Section: "post-register/" done in 851.7 μs
[18:49:14] [main/TRACE] [REI] [REIServerPlugin START] Reloading Section: "post-stage/"
[18:49:14] [main/TRACE] [REI] [REIServerPlugin START] Reloading Section: "post-stage/MenuInfoRegistryImpl/"
[18:49:14] [main/TRACE] [REI] [REIServerPlugin START] Reloading Section: "post-stage/MenuInfoRegistryImpl/" done in 8.900 μs
[18:49:14] [main/TRACE] [REI] [REIServerPlugin START] Reloading Section: "post-stage/SlotAccessorRegistryImpl/"
[18:49:14] [main/TRACE] [REI] [REIServerPlugin START] Reloading Section: "post-stage/SlotAccessorRegistryImpl/" done in 6.700 μs
[18:49:14] [main/TRACE] [REI] [REIServerPlugin START] Reloading Section: "post-stage/" done in 274.5 μs
[18:49:14] [main/DEBUG] [REI] ========================================
[18:49:14] [main/INFO] [REI] REIServerPlugin finished post-reload for START in 1.302 ms, totaling 4.948 ms.
[18:49:14] [main/DEBUG] [REI] ========================================
[18:49:14] [main/DEBUG] [REI] ========================================
[18:49:14] [main/DEBUG] [REI] REIPlugin starting pre-reload for END.
[18:49:14] [main/DEBUG] [REI] Reloadables (7):
[18:49:14] [main/DEBUG] [REI]  - EntryTypeRegistryImpl
[18:49:14] [main/DEBUG] [REI]  - EntrySettingsAdapterRegistryImpl
[18:49:14] [main/DEBUG] [REI]  - RecipeManagerContextImpl
[18:49:14] [main/DEBUG] [REI]  - ItemComparatorRegistryImpl
[18:49:14] [main/DEBUG] [REI]  - FluidComparatorRegistryImpl
[18:49:14] [main/DEBUG] [REI]  - DisplaySerializerRegistryImpl
[18:49:14] [main/DEBUG] [REI]  - FluidSupportProviderImpl
[18:49:14] [main/DEBUG] [REI] Plugins (2):
[18:49:14] [main/DEBUG] [REI]  - (-100.00) DefaultPluginImpl of DefaultPluginImpl [roughlyenoughitems]
[18:49:14] [main/DEBUG] [REI]  - (0.00) DefaultRuntimePlugin of DefaultRuntimePlugin [roughlyenoughitems]
[18:49:14] [main/DEBUG] [REI] ========================================
[18:49:14] [main/TRACE] [REI] [REIPlugin END] Reloading Section: "pre-register/"
[18:49:14] [main/TRACE] [REI] [REIPlugin END] Reloading Section: "pre-register/DefaultPluginImpl of DefaultPluginImpl [roughlyenoughitems]/"
[18:49:14] [main/TRACE] [REI] [REIPlugin END] Reloading Section: "pre-register/DefaultPluginImpl of DefaultPluginImpl [roughlyenoughitems]/" done in 15.70 μs
[18:49:14] [main/TRACE] [REI] [REIPlugin END] Reloading Section: "pre-register/DefaultRuntimePlugin of DefaultRuntimePlugin [roughlyenoughitems]/"
[18:49:14] [main/TRACE] [REI] [REIPlugin END] Reloading Section: "pre-register/DefaultRuntimePlugin of DefaultRuntimePlugin [roughlyenoughitems]/" done in 9.500 μs
[18:49:14] [main/TRACE] [REI] [REIPlugin END] Reloading Section: "pre-register/" done in 296.6 μs
[18:49:14] [main/TRACE] [REI] [REIPlugin END] Reloading Section: "pre-stage/"
[18:49:14] [main/TRACE] [REI] [REIPlugin END] Reloading Section: "pre-stage/EntryTypeRegistryImpl/"
[18:49:14] [main/TRACE] [REI] [REIPlugin END] Reloading Section: "pre-stage/EntryTypeRegistryImpl/" done in 6.700 μs
[18:49:14] [main/TRACE] [REI] [REIPlugin END] Reloading Section: "pre-stage/EntrySettingsAdapterRegistryImpl/"
[18:49:14] [main/TRACE] [REI] [REIPlugin END] Reloading Section: "pre-stage/EntrySettingsAdapterRegistryImpl/" done in 5.400 μs
[18:49:14] [main/TRACE] [REI] [REIPlugin END] Reloading Section: "pre-stage/RecipeManagerContextImpl/"
[18:49:14] [main/TRACE] [REI] [REIPlugin END] Reloading Section: "pre-stage/RecipeManagerContextImpl/" done in 7.400 μs
[18:49:14] [main/TRACE] [REI] [REIPlugin END] Reloading Section: "pre-stage/ItemComparatorRegistryImpl/"
[18:49:14] [main/TRACE] [REI] [REIPlugin END] Reloading Section: "pre-stage/ItemComparatorRegistryImpl/" done in 6.800 μs
[18:49:14] [main/TRACE] [REI] [REIPlugin END] Reloading Section: "pre-stage/FluidComparatorRegistryImpl/"
[18:49:14] [main/TRACE] [REI] [REIPlugin END] Reloading Section: "pre-stage/FluidComparatorRegistryImpl/" done in 6.400 μs
[18:49:14] [main/TRACE] [REI] [REIPlugin END] Reloading Section: "pre-stage/DisplaySerializerRegistryImpl/"
[18:49:14] [main/TRACE] [REI] [REIPlugin END] Reloading Section: "pre-stage/DisplaySerializerRegistryImpl/" done in 7.200 μs
[18:49:14] [main/TRACE] [REI] [REIPlugin END] Reloading Section: "pre-stage/FluidSupportProviderImpl/"
[18:49:14] [main/TRACE] [REI] [REIPlugin END] Reloading Section: "pre-stage/FluidSupportProviderImpl/" done in 6.900 μs
[18:49:14] [main/TRACE] [REI] [REIPlugin END] Reloading Section: "pre-stage/" done in 893.5 μs
[18:49:14] [main/DEBUG] [REI] ========================================
[18:49:14] [main/DEBUG] [REI] REIPlugin finished pre-reload for END in 1.325 ms.
[18:49:14] [main/DEBUG] [REI] ========================================
[18:49:14] [main/DEBUG] [REI] ========================================
[18:49:14] [main/DEBUG] [REI] REIServerPlugin starting pre-reload for END.
[18:49:14] [main/DEBUG] [REI] Reloadables (2):
[18:49:14] [main/DEBUG] [REI]  - MenuInfoRegistryImpl
[18:49:14] [main/DEBUG] [REI]  - SlotAccessorRegistryImpl
[18:49:14] [main/DEBUG] [REI] Plugins (2):
[18:49:14] [main/DEBUG] [REI]  - (-100.00) DefaultPluginImpl of DefaultPluginImpl [roughlyenoughitems]
[18:49:14] [main/DEBUG] [REI]  - (0.00) DefaultRuntimePlugin of DefaultRuntimePlugin [roughlyenoughitems]
[18:49:14] [main/DEBUG] [REI] ========================================
[18:49:14] [main/TRACE] [REI] [REIServerPlugin END] Reloading Section: "pre-register/"
[18:49:14] [main/TRACE] [REI] [REIServerPlugin END] Reloading Section: "pre-register/DefaultPluginImpl of DefaultPluginImpl [roughlyenoughitems]/"
[18:49:14] [main/TRACE] [REI] [REIServerPlugin END] Reloading Section: "pre-register/DefaultPluginImpl of DefaultPluginImpl [roughlyenoughitems]/" done in 12.20 μs
[18:49:14] [main/TRACE] [REI] [REIServerPlugin END] Reloading Section: "pre-register/DefaultRuntimePlugin of DefaultRuntimePlugin [roughlyenoughitems]/"
[18:49:14] [main/TRACE] [REI] [REIServerPlugin END] Reloading Section: "pre-register/DefaultRuntimePlugin of DefaultRuntimePlugin [roughlyenoughitems]/" done in 11.60 μs
[18:49:14] [main/TRACE] [REI] [REIServerPlugin END] Reloading Section: "pre-register/" done in 204.3 μs
[18:49:14] [main/TRACE] [REI] [REIServerPlugin END] Reloading Section: "pre-stage/"
[18:49:14] [main/TRACE] [REI] [REIServerPlugin END] Reloading Section: "pre-stage/MenuInfoRegistryImpl/"
[18:49:14] [main/TRACE] [REI] [REIServerPlugin END] Reloading Section: "pre-stage/MenuInfoRegistryImpl/" done in 6.100 μs
[18:49:14] [main/TRACE] [REI] [REIServerPlugin END] Reloading Section: "pre-stage/SlotAccessorRegistryImpl/"
[18:49:14] [main/TRACE] [REI] [REIServerPlugin END] Reloading Section: "pre-stage/SlotAccessorRegistryImpl/" done in 4.500 μs
[18:49:14] [main/TRACE] [REI] [REIServerPlugin END] Reloading Section: "pre-stage/" done in 122.3 μs
[18:49:14] [main/DEBUG] [REI] ========================================
[18:49:14] [main/DEBUG] [REI] REIServerPlugin finished pre-reload for END in 450.8 μs.
[18:49:14] [main/DEBUG] [REI] ========================================
[18:49:14] [main/INFO] [REI] ========================================
[18:49:14] [main/INFO] [REI] REIPlugin starting main-reload for END.
[18:49:14] [main/DEBUG] [REI] Reloadables (7):
[18:49:14] [main/DEBUG] [REI]  - EntryTypeRegistryImpl
[18:49:14] [main/DEBUG] [REI]  - EntrySettingsAdapterRegistryImpl
[18:49:14] [main/DEBUG] [REI]  - RecipeManagerContextImpl
[18:49:14] [main/DEBUG] [REI]  - ItemComparatorRegistryImpl
[18:49:14] [main/DEBUG] [REI]  - FluidComparatorRegistryImpl
[18:49:14] [main/DEBUG] [REI]  - DisplaySerializerRegistryImpl
[18:49:14] [main/DEBUG] [REI]  - FluidSupportProviderImpl
[18:49:14] [main/INFO] [REI] Plugins (2):
[18:49:14] [main/INFO] [REI]  - (-100.00) DefaultPluginImpl of DefaultPluginImpl [roughlyenoughitems]
[18:49:14] [main/INFO] [REI]  - (0.00) DefaultRuntimePlugin of DefaultRuntimePlugin [roughlyenoughitems]
[18:49:14] [main/INFO] [REI] ========================================
[18:49:14] [main/TRACE] [REI] [REIPlugin END] Reloading Section: "start-reload/"
[18:49:14] [main/TRACE] [REI] [REIPlugin END] Reloading Section: "start-reload/EntryTypeRegistryImpl/"
[18:49:14] [main/TRACE] [REI] [REIPlugin END] Reloading Section: "start-reload/EntryTypeRegistryImpl/" done in 14.10 μs
[18:49:14] [main/TRACE] [REI] [REIPlugin END] Reloading Section: "start-reload/EntrySettingsAdapterRegistryImpl/"
[18:49:14] [main/TRACE] [REI] [REIPlugin END] Reloading Section: "start-reload/EntrySettingsAdapterRegistryImpl/" done in 19.10 μs
[18:49:14] [main/TRACE] [REI] [REIPlugin END] Reloading Section: "start-reload/RecipeManagerContextImpl/"
[18:49:14] [main/TRACE] [REI] [REIPlugin END] Reloading Section: "start-reload/RecipeManagerContextImpl/" done in 9.400 μs
[18:49:14] [main/TRACE] [REI] [REIPlugin END] Reloading Section: "start-reload/ItemComparatorRegistryImpl/"
[18:49:14] [main/TRACE] [REI] [REIPlugin END] Reloading Section: "start-reload/ItemComparatorRegistryImpl/" done in 5.200 μs
[18:49:14] [main/TRACE] [REI] [REIPlugin END] Reloading Section: "start-reload/FluidComparatorRegistryImpl/"
[18:49:14] [main/TRACE] [REI] [REIPlugin END] Reloading Section: "start-reload/FluidComparatorRegistryImpl/" done in 4.100 μs
[18:49:14] [main/TRACE] [REI] [REIPlugin END] Reloading Section: "start-reload/DisplaySerializerRegistryImpl/"
[18:49:14] [main/TRACE] [REI] [REIPlugin END] Reloading Section: "start-reload/DisplaySerializerRegistryImpl/" done in 12.40 μs
[18:49:14] [main/TRACE] [REI] [REIPlugin END] Reloading Section: "start-reload/FluidSupportProviderImpl/"
[18:49:14] [main/TRACE] [REI] [REIPlugin END] Reloading Section: "start-reload/FluidSupportProviderImpl/" done in 4.500 μs
[18:49:14] [main/TRACE] [REI] [REIPlugin END] Reloading Section: "start-reload/" done in 668.2 μs
[18:49:14] [main/DEBUG] [REI] ========================================
[18:49:14] [main/DEBUG] [REI] REIPlugin started main-reload for END.
[18:49:14] [main/DEBUG] [REI] ========================================
[18:49:14] [main/TRACE] [REI] [REIPlugin END] Reloading Section: "reloadable-plugin/EntryTypeRegistryImpl/"
[18:49:14] [main/TRACE] [REI] [REIPlugin END] Reloading Section: "reloadable-plugin/EntryTypeRegistryImpl/DefaultPluginImpl of DefaultPluginImpl [roughlyenoughitems]/"
[18:49:14] [main/TRACE] [REI] [REIPlugin END] Reloading Section: "reloadable-plugin/EntryTypeRegistryImpl/DefaultPluginImpl of DefaultPluginImpl [roughlyenoughitems]/" done in 12.20 μs
[18:49:14] [main/TRACE] [REI] [REIPlugin END] Reloading Section: "reloadable-plugin/EntryTypeRegistryImpl/DefaultRuntimePlugin of DefaultRuntimePlugin [roughlyenoughitems]/"
[18:49:14] [main/TRACE] [REI] [REIPlugin END] Reloading Section: "reloadable-plugin/EntryTypeRegistryImpl/DefaultRuntimePlugin of DefaultRuntimePlugin [roughlyenoughitems]/" done in 7.700 μs
[18:49:14] [main/TRACE] [REI] [REIPlugin END] Reloading Section: "reloadable-plugin/EntryTypeRegistryImpl/" done in 169.6 μs
[18:49:14] [main/TRACE] [REI] [REIPlugin END] Reloading Section: "reloadable-plugin/EntrySettingsAdapterRegistryImpl/"
[18:49:14] [main/TRACE] [REI] [REIPlugin END] Reloading Section: "reloadable-plugin/EntrySettingsAdapterRegistryImpl/DefaultPluginImpl of DefaultPluginImpl [roughlyenoughitems]/"
[18:49:14] [main/TRACE] [REI] [REIPlugin END] Reloading Section: "reloadable-plugin/EntrySettingsAdapterRegistryImpl/DefaultPluginImpl of DefaultPluginImpl [roughlyenoughitems]/" done in 15.60 μs
[18:49:14] [main/TRACE] [REI] [REIPlugin END] Reloading Section: "reloadable-plugin/EntrySettingsAdapterRegistryImpl/DefaultRuntimePlugin of DefaultRuntimePlugin [roughlyenoughitems]/"
[18:49:14] [main/TRACE] [REI] [REIPlugin END] Reloading Section: "reloadable-plugin/EntrySettingsAdapterRegistryImpl/DefaultRuntimePlugin of DefaultRuntimePlugin [roughlyenoughitems]/" done in 9.000 μs
[18:49:14] [main/TRACE] [REI] [REIPlugin END] Reloading Section: "reloadable-plugin/EntrySettingsAdapterRegistryImpl/" done in 144.9 μs
[18:49:14] [main/TRACE] [REI] [REIPlugin END] Reloading Section: "reloadable-plugin/RecipeManagerContextImpl/"
[18:49:14] [main/TRACE] [REI] [REIPlugin END] Reloading Section: "reloadable-plugin/RecipeManagerContextImpl/DefaultPluginImpl of DefaultPluginImpl [roughlyenoughitems]/"
[18:49:14] [main/TRACE] [REI] [REIPlugin END] Reloading Section: "reloadable-plugin/RecipeManagerContextImpl/DefaultPluginImpl of DefaultPluginImpl [roughlyenoughitems]/" done in 7.400 μs
[18:49:14] [main/TRACE] [REI] [REIPlugin END] Reloading Section: "reloadable-plugin/RecipeManagerContextImpl/DefaultRuntimePlugin of DefaultRuntimePlugin [roughlyenoughitems]/"
[18:49:14] [main/TRACE] [REI] [REIPlugin END] Reloading Section: "reloadable-plugin/RecipeManagerContextImpl/DefaultRuntimePlugin of DefaultRuntimePlugin [roughlyenoughitems]/" done in 7.000 μs
[18:49:14] [main/TRACE] [REI] [REIPlugin END] Reloading Section: "reloadable-plugin/RecipeManagerContextImpl/" done in 176.1 μs
[18:49:14] [main/TRACE] [REI] [REIPlugin END] Reloading Section: "reloadable-plugin/ItemComparatorRegistryImpl/"
[18:49:14] [main/TRACE] [REI] [REIPlugin END] Reloading Section: "reloadable-plugin/ItemComparatorRegistryImpl/DefaultPluginImpl of DefaultPluginImpl [roughlyenoughitems]/"
[18:49:14] [main/TRACE] [REI] [REIPlugin END] Reloading Section: "reloadable-plugin/ItemComparatorRegistryImpl/DefaultPluginImpl of DefaultPluginImpl [roughlyenoughitems]/" done in 11.10 μs
[18:49:14] [main/TRACE] [REI] [REIPlugin END] Reloading Section: "reloadable-plugin/ItemComparatorRegistryImpl/DefaultRuntimePlugin of DefaultRuntimePlugin [roughlyenoughitems]/"
[18:49:14] [main/TRACE] [REI] [REIPlugin END] Reloading Section: "reloadable-plugin/ItemComparatorRegistryImpl/DefaultRuntimePlugin of DefaultRuntimePlugin [roughlyenoughitems]/" done in 8.600 μs
[18:49:14] [main/TRACE] [REI] [REIPlugin END] Reloading Section: "reloadable-plugin/ItemComparatorRegistryImpl/" done in 402.1 μs
[18:49:14] [main/TRACE] [REI] [REIPlugin END] Reloading Section: "reloadable-plugin/FluidComparatorRegistryImpl/"
[18:49:14] [main/TRACE] [REI] [REIPlugin END] Reloading Section: "reloadable-plugin/FluidComparatorRegistryImpl/DefaultPluginImpl of DefaultPluginImpl [roughlyenoughitems]/"
[18:49:14] [main/TRACE] [REI] [REIPlugin END] Reloading Section: "reloadable-plugin/FluidComparatorRegistryImpl/DefaultPluginImpl of DefaultPluginImpl [roughlyenoughitems]/" done in 8.900 μs
[18:49:14] [main/TRACE] [REI] [REIPlugin END] Reloading Section: "reloadable-plugin/FluidComparatorRegistryImpl/DefaultRuntimePlugin of DefaultRuntimePlugin [roughlyenoughitems]/"
[18:49:14] [main/TRACE] [REI] [REIPlugin END] Reloading Section: "reloadable-plugin/FluidComparatorRegistryImpl/DefaultRuntimePlugin of DefaultRuntimePlugin [roughlyenoughitems]/" done in 8.300 μs
[18:49:14] [main/TRACE] [REI] [REIPlugin END] Reloading Section: "reloadable-plugin/FluidComparatorRegistryImpl/" done in 150.9 μs
[18:49:14] [main/TRACE] [REI] [REIPlugin END] Reloading Section: "reloadable-plugin/DisplaySerializerRegistryImpl/"
[18:49:14] [main/TRACE] [REI] [REIPlugin END] Reloading Section: "reloadable-plugin/DisplaySerializerRegistryImpl/DefaultPluginImpl of DefaultPluginImpl [roughlyenoughitems]/"
[18:49:14] [main/TRACE] [REI] [REIPlugin END] Reloading Section: "reloadable-plugin/DisplaySerializerRegistryImpl/DefaultPluginImpl of DefaultPluginImpl [roughlyenoughitems]/" done in 21.71 ms
[18:49:14] [main/TRACE] [REI] [REIPlugin END] Reloading Section: "reloadable-plugin/DisplaySerializerRegistryImpl/DefaultRuntimePlugin of DefaultRuntimePlugin [roughlyenoughitems]/"
[18:49:14] [main/TRACE] [REI] [REIPlugin END] Reloading Section: "reloadable-plugin/DisplaySerializerRegistryImpl/DefaultRuntimePlugin of DefaultRuntimePlugin [roughlyenoughitems]/" done in 19.60 μs
[18:49:14] [main/TRACE] [REI] [REIPlugin END] Reloading Section: "reloadable-plugin/DisplaySerializerRegistryImpl/" done in 22.04 ms
[18:49:14] [main/TRACE] [REI] [REIPlugin END] Reloading Section: "reloadable-plugin/FluidSupportProviderImpl/"
[18:49:14] [main/TRACE] [REI] [REIPlugin END] Reloading Section: "reloadable-plugin/FluidSupportProviderImpl/DefaultPluginImpl of DefaultPluginImpl [roughlyenoughitems]/"
[18:49:14] [main/TRACE] [REI] [REIPlugin END] Reloading Section: "reloadable-plugin/FluidSupportProviderImpl/DefaultPluginImpl of DefaultPluginImpl [roughlyenoughitems]/" done in 8.800 μs
[18:49:14] [main/TRACE] [REI] [REIPlugin END] Reloading Section: "reloadable-plugin/FluidSupportProviderImpl/DefaultRuntimePlugin of DefaultRuntimePlugin [roughlyenoughitems]/"
[18:49:14] [main/TRACE] [REI] [REIPlugin END] Reloading Section: "reloadable-plugin/FluidSupportProviderImpl/DefaultRuntimePlugin of DefaultRuntimePlugin [roughlyenoughitems]/" done in 9.100 μs
[18:49:14] [main/TRACE] [REI] [REIPlugin END] Reloading Section: "reloadable-plugin/FluidSupportProviderImpl/" done in 172.7 μs
[18:49:14] [main/DEBUG] [REI] ========================================
[18:49:14] [main/DEBUG] [REI] REIPlugin ending main-reload for END.
[18:49:14] [main/DEBUG] [REI] ========================================
[18:49:14] [main/TRACE] [REI] [REIPlugin END] Reloading Section: "end-reload/"
[18:49:14] [main/TRACE] [REI] [REIPlugin END] Reloading Section: "end-reload/EntryTypeRegistryImpl/"
[18:49:14] [main/TRACE] [REI] [REIPlugin END] Reloading Section: "end-reload/EntryTypeRegistryImpl/" done in 7.900 μs
[18:49:14] [main/TRACE] [REI] [REIPlugin END] Reloading Section: "end-reload/EntrySettingsAdapterRegistryImpl/"
[18:49:14] [main/TRACE] [REI] [REIPlugin END] Reloading Section: "end-reload/EntrySettingsAdapterRegistryImpl/" done in 4.700 μs
[18:49:14] [main/TRACE] [REI] [REIPlugin END] Reloading Section: "end-reload/RecipeManagerContextImpl/"
[18:49:14] [main/TRACE] [REI] [REIPlugin END] Reloading Section: "end-reload/RecipeManagerContextImpl/" done in 4.100 μs
[18:49:14] [main/TRACE] [REI] [REIPlugin END] Reloading Section: "end-reload/ItemComparatorRegistryImpl/"
[18:49:14] [main/TRACE] [REI] [REIPlugin END] Reloading Section: "end-reload/ItemComparatorRegistryImpl/" done in 4.900 μs
[18:49:14] [main/TRACE] [REI] [REIPlugin END] Reloading Section: "end-reload/FluidComparatorRegistryImpl/"
[18:49:14] [main/TRACE] [REI] [REIPlugin END] Reloading Section: "end-reload/FluidComparatorRegistryImpl/" done in 4.000 μs
[18:49:14] [main/TRACE] [REI] [REIPlugin END] Reloading Section: "end-reload/DisplaySerializerRegistryImpl/"
[18:49:14] [main/TRACE] [REI] [REIPlugin END] Reloading Section: "end-reload/DisplaySerializerRegistryImpl/" done in 4.300 μs
[18:49:14] [main/TRACE] [REI] [REIPlugin END] Reloading Section: "end-reload/FluidSupportProviderImpl/"
[18:49:14] [main/TRACE] [REI] [REIPlugin END] Reloading Section: "end-reload/FluidSupportProviderImpl/" done in 4.400 μs
[18:49:14] [main/TRACE] [REI] [REIPlugin END] Reloading Section: "end-reload/" done in 499.9 μs
[18:49:14] [main/DEBUG] [REI] ========================================
[18:49:14] [main/DEBUG] [REI] REIPlugin ended main-reload for END in 30.37 ms.
[18:49:14] [main/DEBUG] [REI] ========================================
[18:49:14] [main/INFO] [REI] ----------------------------------------
[18:49:14] [main/INFO] [REI] REIServerPlugin starting main-reload for END.
[18:49:14] [main/DEBUG] [REI] Reloadables (2):
[18:49:14] [main/DEBUG] [REI]  - MenuInfoRegistryImpl
[18:49:14] [main/DEBUG] [REI]  - SlotAccessorRegistryImpl
[18:49:14] [main/INFO] [REI] Plugins (2):
[18:49:14] [main/INFO] [REI]  - (-100.00) DefaultPluginImpl of DefaultPluginImpl [roughlyenoughitems]
[18:49:14] [main/INFO] [REI]  - (0.00) DefaultRuntimePlugin of DefaultRuntimePlugin [roughlyenoughitems]
[18:49:14] [main/INFO] [REI] ----------------------------------------
[18:49:14] [main/TRACE] [REI] [REIServerPlugin END] Reloading Section: "start-reload/"
[18:49:14] [main/TRACE] [REI] [REIServerPlugin END] Reloading Section: "start-reload/MenuInfoRegistryImpl/"
[18:49:14] [main/TRACE] [REI] [REIServerPlugin END] Reloading Section: "start-reload/MenuInfoRegistryImpl/" done in 29.70 μs
[18:49:14] [main/TRACE] [REI] [REIServerPlugin END] Reloading Section: "start-reload/SlotAccessorRegistryImpl/"
[18:49:14] [main/TRACE] [REI] [REIServerPlugin END] Reloading Section: "start-reload/SlotAccessorRegistryImpl/" done in 12.50 μs
[18:49:14] [main/TRACE] [REI] [REIServerPlugin END] Reloading Section: "start-reload/" done in 301.1 μs
[18:49:14] [main/DEBUG] [REI] ========================================
[18:49:14] [main/DEBUG] [REI] REIServerPlugin started main-reload for END.
[18:49:14] [main/DEBUG] [REI] ========================================
[18:49:14] [main/TRACE] [REI] [REIServerPlugin END] Reloading Section: "reloadable-plugin/MenuInfoRegistryImpl/"
[18:49:14] [main/TRACE] [REI] [REIServerPlugin END] Reloading Section: "reloadable-plugin/MenuInfoRegistryImpl/DefaultPluginImpl of DefaultPluginImpl [roughlyenoughitems]/"
[18:49:14] [main/TRACE] [REI] [REIServerPlugin END] Reloading Section: "reloadable-plugin/MenuInfoRegistryImpl/DefaultPluginImpl of DefaultPluginImpl [roughlyenoughitems]/" done in 23.30 μs
[18:49:14] [main/TRACE] [REI] [REIServerPlugin END] Reloading Section: "reloadable-plugin/MenuInfoRegistryImpl/DefaultRuntimePlugin of DefaultRuntimePlugin [roughlyenoughitems]/"
[18:49:14] [main/TRACE] [REI] [REIServerPlugin END] Reloading Section: "reloadable-plugin/MenuInfoRegistryImpl/DefaultRuntimePlugin of DefaultRuntimePlugin [roughlyenoughitems]/" done in 7.600 μs
[18:49:14] [main/TRACE] [REI] [REIServerPlugin END] Reloading Section: "reloadable-plugin/MenuInfoRegistryImpl/" done in 173.2 μs
[18:49:14] [main/TRACE] [REI] [REIServerPlugin END] Reloading Section: "reloadable-plugin/SlotAccessorRegistryImpl/"
[18:49:14] [main/TRACE] [REI] [REIServerPlugin END] Reloading Section: "reloadable-plugin/SlotAccessorRegistryImpl/DefaultPluginImpl of DefaultPluginImpl [roughlyenoughitems]/"
[18:49:14] [main/TRACE] [REI] [REIServerPlugin END] Reloading Section: "reloadable-plugin/SlotAccessorRegistryImpl/DefaultPluginImpl of DefaultPluginImpl [roughlyenoughitems]/" done in 14.10 μs
[18:49:14] [main/TRACE] [REI] [REIServerPlugin END] Reloading Section: "reloadable-plugin/SlotAccessorRegistryImpl/DefaultRuntimePlugin of DefaultRuntimePlugin [roughlyenoughitems]/"
[18:49:14] [main/DEBUG] [REI] Added slot accessor serializer: me.shedaniel.rei.plugin.common.runtime.DefaultRuntimePlugin$1@2d1a841d [roughlyenoughitems:vanilla]
[18:49:14] [main/DEBUG] [REI] Added slot accessor serializer: me.shedaniel.rei.plugin.common.runtime.DefaultRuntimePlugin$2@523122d9 [roughlyenoughitems:player]
[18:49:14] [main/TRACE] [REI] [REIServerPlugin END] Reloading Section: "reloadable-plugin/SlotAccessorRegistryImpl/DefaultRuntimePlugin of DefaultRuntimePlugin [roughlyenoughitems]/" done in 1.963 ms
[18:49:14] [main/TRACE] [REI] [REIServerPlugin END] Reloading Section: "reloadable-plugin/SlotAccessorRegistryImpl/" done in 2.132 ms
[18:49:14] [main/DEBUG] [REI] ========================================
[18:49:14] [main/DEBUG] [REI] REIServerPlugin ending main-reload for END.
[18:49:14] [main/DEBUG] [REI] ========================================
[18:49:14] [main/TRACE] [REI] [REIServerPlugin END] Reloading Section: "end-reload/"
[18:49:14] [main/TRACE] [REI] [REIServerPlugin END] Reloading Section: "end-reload/MenuInfoRegistryImpl/"
[18:49:14] [main/DEBUG] [REI] Registered 0 menu infos
[18:49:14] [main/TRACE] [REI] [REIServerPlugin END] Reloading Section: "end-reload/MenuInfoRegistryImpl/" done in 576.9 μs
[18:49:14] [main/TRACE] [REI] [REIServerPlugin END] Reloading Section: "end-reload/SlotAccessorRegistryImpl/"
[18:49:14] [main/DEBUG] [REI] Registered 2 slot accessor serializers
[18:49:14] [main/TRACE] [REI] [REIServerPlugin END] Reloading Section: "end-reload/SlotAccessorRegistryImpl/" done in 79.60 μs
[18:49:14] [main/TRACE] [REI] [REIServerPlugin END] Reloading Section: "end-reload/" done in 832.9 μs
[18:49:14] [main/DEBUG] [REI] ========================================
[18:49:14] [main/DEBUG] [REI] REIServerPlugin ended main-reload for END in 8.352 ms.
[18:49:14] [main/DEBUG] [REI] ========================================
[18:49:14] [main/DEBUG] [REI] ========================================
[18:49:14] [main/DEBUG] [REI] REIPlugin starting post-reload for END.
[18:49:14] [main/DEBUG] [REI] Reloadables (7):
[18:49:14] [main/DEBUG] [REI]  - EntryTypeRegistryImpl
[18:49:14] [main/DEBUG] [REI]  - EntrySettingsAdapterRegistryImpl
[18:49:14] [main/DEBUG] [REI]  - RecipeManagerContextImpl
[18:49:14] [main/DEBUG] [REI]  - ItemComparatorRegistryImpl
[18:49:14] [main/DEBUG] [REI]  - FluidComparatorRegistryImpl
[18:49:14] [main/DEBUG] [REI]  - DisplaySerializerRegistryImpl
[18:49:14] [main/DEBUG] [REI]  - FluidSupportProviderImpl
[18:49:14] [main/DEBUG] [REI] Plugins (2):
[18:49:14] [main/DEBUG] [REI]  - (-100.00) DefaultPluginImpl of DefaultPluginImpl [roughlyenoughitems]
[18:49:14] [main/DEBUG] [REI]  - (0.00) DefaultRuntimePlugin of DefaultRuntimePlugin [roughlyenoughitems]
[18:49:14] [main/DEBUG] [REI] ========================================
[18:49:14] [main/TRACE] [REI] [REIPlugin END] Reloading Section: "post-register/"
[18:49:14] [main/TRACE] [REI] [REIPlugin END] Reloading Section: "post-register/DefaultPluginImpl of DefaultPluginImpl [roughlyenoughitems]/"
[18:49:14] [main/TRACE] [REI] [REIPlugin END] Reloading Section: "post-register/DefaultPluginImpl of DefaultPluginImpl [roughlyenoughitems]/" done in 14.10 μs
[18:49:14] [main/TRACE] [REI] [REIPlugin END] Reloading Section: "post-register/DefaultRuntimePlugin of DefaultRuntimePlugin [roughlyenoughitems]/"
[18:49:14] [main/TRACE] [REI] [REIPlugin END] Reloading Section: "post-register/DefaultRuntimePlugin of DefaultRuntimePlugin [roughlyenoughitems]/" done in 10.00 μs
[18:49:14] [main/TRACE] [REI] [REIPlugin END] Reloading Section: "post-register/" done in 196.0 μs
[18:49:14] [main/TRACE] [REI] [REIPlugin END] Reloading Section: "post-stage/"
[18:49:14] [main/TRACE] [REI] [REIPlugin END] Reloading Section: "post-stage/EntryTypeRegistryImpl/"
[18:49:14] [main/TRACE] [REI] [REIPlugin END] Reloading Section: "post-stage/EntryTypeRegistryImpl/" done in 4.600 μs
[18:49:14] [main/TRACE] [REI] [REIPlugin END] Reloading Section: "post-stage/EntrySettingsAdapterRegistryImpl/"
[18:49:14] [main/TRACE] [REI] [REIPlugin END] Reloading Section: "post-stage/EntrySettingsAdapterRegistryImpl/" done in 3.900 μs
[18:49:14] [main/TRACE] [REI] [REIPlugin END] Reloading Section: "post-stage/RecipeManagerContextImpl/"
[18:49:14] [main/TRACE] [REI] [REIPlugin END] Reloading Section: "post-stage/RecipeManagerContextImpl/" done in 3.600 μs
[18:49:14] [main/TRACE] [REI] [REIPlugin END] Reloading Section: "post-stage/ItemComparatorRegistryImpl/"
[18:49:14] [main/TRACE] [REI] [REIPlugin END] Reloading Section: "post-stage/ItemComparatorRegistryImpl/" done in 3.600 μs
[18:49:14] [main/TRACE] [REI] [REIPlugin END] Reloading Section: "post-stage/FluidComparatorRegistryImpl/"
[18:49:14] [main/TRACE] [REI] [REIPlugin END] Reloading Section: "post-stage/FluidComparatorRegistryImpl/" done in 3.700 μs
[18:49:14] [main/TRACE] [REI] [REIPlugin END] Reloading Section: "post-stage/DisplaySerializerRegistryImpl/"
[18:49:14] [main/TRACE] [REI] [REIPlugin END] Reloading Section: "post-stage/DisplaySerializerRegistryImpl/" done in 3.400 μs
[18:49:14] [main/TRACE] [REI] [REIPlugin END] Reloading Section: "post-stage/FluidSupportProviderImpl/"
[18:49:14] [main/TRACE] [REI] [REIPlugin END] Reloading Section: "post-stage/FluidSupportProviderImpl/" done in 3.900 μs
[18:49:14] [main/TRACE] [REI] [REIPlugin END] Reloading Section: "post-stage/" done in 335.3 μs
[18:49:14] [main/DEBUG] [REI] ========================================
[18:49:14] [main/INFO] [REI] REIPlugin finished post-reload for END in 623.2 μs, totaling 32.25 ms.
[18:49:14] [main/DEBUG] [REI] ========================================
[18:49:14] [main/DEBUG] [REI] ========================================
[18:49:14] [main/DEBUG] [REI] REIServerPlugin starting post-reload for END.
[18:49:14] [main/DEBUG] [REI] Reloadables (2):
[18:49:14] [main/DEBUG] [REI]  - MenuInfoRegistryImpl
[18:49:14] [main/DEBUG] [REI]  - SlotAccessorRegistryImpl
[18:49:14] [main/DEBUG] [REI] Plugins (2):
[18:49:14] [main/DEBUG] [REI]  - (-100.00) DefaultPluginImpl of DefaultPluginImpl [roughlyenoughitems]
[18:49:14] [main/DEBUG] [REI]  - (0.00) DefaultRuntimePlugin of DefaultRuntimePlugin [roughlyenoughitems]
[18:49:14] [main/DEBUG] [REI] ========================================
[18:49:14] [main/TRACE] [REI] [REIServerPlugin END] Reloading Section: "post-register/"
[18:49:14] [main/TRACE] [REI] [REIServerPlugin END] Reloading Section: "post-register/DefaultPluginImpl of DefaultPluginImpl [roughlyenoughitems]/"
[18:49:14] [main/TRACE] [REI] [REIServerPlugin END] Reloading Section: "post-register/DefaultPluginImpl of DefaultPluginImpl [roughlyenoughitems]/" done in 11.90 μs
[18:49:14] [main/TRACE] [REI] [REIServerPlugin END] Reloading Section: "post-register/DefaultRuntimePlugin of DefaultRuntimePlugin [roughlyenoughitems]/"
[18:49:14] [main/TRACE] [REI] [REIServerPlugin END] Reloading Section: "post-register/DefaultRuntimePlugin of DefaultRuntimePlugin [roughlyenoughitems]/" done in 6.400 μs
[18:49:14] [main/TRACE] [REI] [REIServerPlugin END] Reloading Section: "post-register/" done in 149.6 μs
[18:49:14] [main/TRACE] [REI] [REIServerPlugin END] Reloading Section: "post-stage/"
[18:49:14] [main/TRACE] [REI] [REIServerPlugin END] Reloading Section: "post-stage/MenuInfoRegistryImpl/"
[18:49:14] [main/TRACE] [REI] [REIServerPlugin END] Reloading Section: "post-stage/MenuInfoRegistryImpl/" done in 13.00 μs
[18:49:14] [main/TRACE] [REI] [REIServerPlugin END] Reloading Section: "post-stage/SlotAccessorRegistryImpl/"
[18:49:14] [main/TRACE] [REI] [REIServerPlugin END] Reloading Section: "post-stage/SlotAccessorRegistryImpl/" done in 3.900 μs
[18:49:14] [main/TRACE] [REI] [REIServerPlugin END] Reloading Section: "post-stage/" done in 109.3 μs
[18:49:14] [main/DEBUG] [REI] ========================================
[18:49:14] [main/INFO] [REI] REIServerPlugin finished post-reload for END in 343.2 μs, totaling 9.115 ms.
[18:49:14] [main/DEBUG] [REI] ========================================
